Drill report for /mnt/srvmarvin/devel/pcb-design/wled-controller/wled-controller.kicad_pcb
Created on Di 12 Okt 2021 09:38:09 CEST

Copper Layer Stackup:
    =============================================================
    L1 :  F.Cu                      front
    L2 :  B.Cu                      back


Drill file 'wled-controller-PTH-drl.gbr' contains
    plated through holes:
    =============================================================
    T1  0,600mm  0,0236"  (35 holes)
    T2  0,650mm  0,0256"  (16 holes)
    T3  0,700mm  0,0276"  (3 holes)
    T4  0,800mm  0,0315"  (9 holes)
    T5  0,900mm  0,0354"  (3 holes)
    T6  1,100mm  0,0433"  (10 holes)
    T7  1,200mm  0,0472"  (10 holes)

    Total plated holes count 86


Drill file 'wled-controller-NPTH-drl.gbr' contains
    unplated through holes:
    =============================================================
    T1  3,200mm  0,1260"  (4 holes)
    T2  8,400mm  0,3307"  (1 hole)

    Total unplated holes count 5
